<?xml version="1.0" encoding="UTF-8"?>
<!-- Generated by org.testng.reporters.JUnitXMLReporter -->
<testsuite hostname="DESKTOP-077G3EM" ignored="0" name="GCASH" tests="11" failures="0" timestamp="2022-09-28T15:17:17 IST" time="889.941" errors="0">
  <testcase name="Allowpopup" time="12.112" classname="com.GCash_GGivesScripts.GCASHScripts"/>
  <testcase name="Login" time="123.864" classname="com.GCash_GGivesScripts.GCASHScripts"/>
  <testcase name="gGivesHomePage" time="69.891" classname="com.GCash_GGivesScripts.GCASHScripts"/>
  <testcase name="gGivesViewPage" time="3.177" classname="com.GCash_GGivesScripts.GCASHScripts"/>
  <testcase name="gGivesDashboardPage" time="139.113" classname="com.GCash_GGivesScripts.GCASHScripts"/>
  <testcase name="gGivesDuesPage" time="0.859" classname="com.GCash_GGivesScripts.GCASHScripts"/>
  <testcase name="gGivesPaymentPage" time="0.904" classname="com.GCash_GGivesScripts.GCASHScripts"/>
  <testcase name="gCashLogoutPage" time="5.051" classname="com.GCash_GGivesScripts.GCASHScripts"/>
  <testcase name="gSaveLoginPage" time="87.259" classname="com.GCash_GGivesScripts.GCASHScripts"/>
  <testcase name="gSaveTransactionPage" time="118.208" classname="com.GCash_GGivesScripts.GCASHScripts"/>
  <testcase name="gSaveConfirmPage" time="49.515" classname="com.GCash_GGivesScripts.GCASHScripts"/>
</testsuite> <!-- GCASH -->
