<?xml version="1.0" encoding="UTF-8"?>
<!-- Generated by org.testng.reporters.JUnitXMLReporter -->
<testsuite hostname="DESKTOP-077G3EM" ignored="0" name="GCASH" tests="11" failures="0" timestamp="2022-09-28T20:19:09 IST" time="952.361" errors="0">
  <testcase name="Allowpopup" time="12.803" classname="com.GCash_GGivesScripts.GCASHScripts"/>
  <testcase name="Login" time="131.217" classname="com.GCash_GGivesScripts.GCASHScripts"/>
  <testcase name="gGivesHomePage" time="44.721" classname="com.GCash_GGivesScripts.GCASHScripts"/>
  <testcase name="gGivesViewPage" time="3.392" classname="com.GCash_GGivesScripts.GCASHScripts"/>
  <testcase name="gGivesDashboardPage" time="108.525" classname="com.GCash_GGivesScripts.GCASHScripts"/>
  <testcase name="gGivesDuesPage" time="0.745" classname="com.GCash_GGivesScripts.GCASHScripts"/>
  <testcase name="gGivesPaymentPage" time="51.08" classname="com.GCash_GGivesScripts.GCASHScripts"/>
  <testcase name="gCashLogoutPage" time="6.196" classname="com.GCash_GGivesScripts.GCASHScripts"/>
  <testcase name="gSaveLoginPage" time="63.337" classname="com.GCash_GGivesScripts.GCASHScripts"/>
  <testcase name="gSaveTransactionPage" time="77.22" classname="com.GCash_GGivesScripts.GCASHScripts"/>
  <testcase name="gSaveConfirmPage" time="51.847" classname="com.GCash_GGivesScripts.GCASHScripts"/>
</testsuite> <!-- GCASH -->
