<?xml version="1.0" encoding="UTF-8"?>
<!-- Generated by org.testng.reporters.JUnitXMLReporter -->
<testsuite hostname="LAPTOP-NRJMSC7T" name="AndroidPWASanityScript" tests="2" failures="1" timestamp="28 May 2020 11:17:06 GMT" time="108.223" errors="0">
  <testcase name="IntegratedScript" time="107.116" classname="com.zee5.PWASanityScripts.WebPWASanityScript"/>
  <testcase name="IntegratedScript" time="107.133" classname="com.zee5.PWASanityScripts.WebPWASanityScript">
    <failure type="java.lang.NullPointerException">
      <![CDATA[java.lang.NullPointerException
	at com.extent.ExtentReporter.initExtentDriver(ExtentReporter.java:52)
	at com.extent.ExtentReporter.screencapture(ExtentReporter.java:144)
	at com.extent.ExtentReporter.onTestSuccess(ExtentReporter.java:81)
... Removed 21 stack frames]]>
    </failure>
  </testcase> <!-- IntegratedScript -->
</testsuite> <!-- AndroidPWASanityScript -->
