<?xml version="1.0" encoding="UTF-8"?>
<!-- Generated by org.testng.reporters.JUnitXMLReporter -->
<testsuite hostname="DESKTOP-M2JB44L" ignored="0" name="WebPWASanityScript" tests="2" failures="0" timestamp="2021-05-05T16:57:35 IST" time="86.828" errors="0">
  <testcase name="PWAWEBLogin" time="61.991" classname="com.zee5.PWASanityScripts.WebPWASanityScript"/>
  <testcase name="comboOffer" time="10.538" classname="com.zee5.PWASanityScripts.WebPWASanityScript"/>
</testsuite> <!-- WebPWASanityScript -->
