<?xml version="1.0" encoding="UTF-8"?>
<!-- Generated by org.testng.reporters.JUnitXMLReporter -->
<testsuite hostname="LAPTOP-NRJMSC7T" name="WEBPWAIntegrated" tests="2" failures="0" timestamp="5 May 2020 15:33:53 GMT" time="1166.813" errors="0">
  <testcase name="IntegratedScript" time="67.402" classname="com.zee5.PWASmokeScripts.WebPWAIntegratedScript"/>
  <testcase name="WEBPWACarousel" time="1068.527" classname="com.zee5.PWASmokeScripts.WebPWAIntegratedScript"/>
</testsuite> <!-- WEBPWAIntegrated -->
