<?xml version="1.0" encoding="UTF-8"?>
<!-- Generated by org.testng.reporters.JUnitXMLReporter -->
<testsuite hostname="LAPTOP-NRJMSC7T" name="PWAContentDetailsPageVerificationScript" tests="6" failures="0" timestamp="7 Apr 2020 06:05:27 GMT" time="1080.11" errors="0">
  <testcase name="verifyConsumptionsScreen" time="671.364" classname="com.zee5.PWAScripts.PWAContentDetailsPageVerificationScript"/>
  <testcase name="verifyWatchLatestEpisodeCTA" time="54.476" classname="com.zee5.PWAScripts.PWAContentDetailsPageVerificationScript"/>
  <testcase name="verifyNoSubscriptionPopupForFreeContent" time="76.753" classname="com.zee5.PWAScripts.PWAContentDetailsPageVerificationScript"/>
  <testcase name="verifySubscriptionPopupForPremiumContent" time="71.246" classname="com.zee5.PWAScripts.PWAContentDetailsPageVerificationScript"/>
  <testcase name="verifyMetaDataInDetailsAndConsumption" time="51.136" classname="com.zee5.PWAScripts.PWAContentDetailsPageVerificationScript"/>
  <testcase name="verifyShareInShowDetails" time="67.607" classname="com.zee5.PWAScripts.PWAContentDetailsPageVerificationScript"/>
</testsuite> <!-- PWAContentDetailsPageVerificationScript -->
