<?xml version="1.0" encoding="UTF-8"?>
<!-- Generated by org.testng.reporters.JUnitXMLReporter -->
<testsuite ignored="0" hostname="DESKTOP-077G3EM" failures="0" tests="10" name="Default test" time="1.253" errors="0" timestamp="2022-09-20T17:37:56 IST">
  <testcase classname="com.GCash_GGivesScripts.GCASHScripts" name="@BeforeTest Before" time="1.194">
    <skipped/>
  </testcase> <!-- @BeforeTest Before -->
  <testcase classname="com.GCash_GGivesScripts.GCASHScripts" name="@AfterTest After" time="-1.663675675989E9">
    <skipped/>
  </testcase> <!-- @AfterTest After -->
  <testcase classname="com.GCash_GGivesScripts.GCASHScripts" name="Allowpopup" time="0.0">
    <skipped/>
  </testcase> <!-- Allowpopup -->
  <testcase classname="com.GCash_GGivesScripts.GCASHScripts" name="Login" time="0.0">
    <skipped/>
  </testcase> <!-- Login -->
  <testcase classname="com.GCash_GGivesScripts.GCASHScripts" name="gGivesHomePage" time="0.0">
    <skipped/>
  </testcase> <!-- gGivesHomePage -->
  <testcase classname="com.GCash_GGivesScripts.GCASHScripts" name="gGivesViewPage" time="0.0">
    <skipped/>
  </testcase> <!-- gGivesViewPage -->
  <testcase classname="com.GCash_GGivesScripts.GCASHScripts" name="gGivesDashboardPage" time="0.0">
    <skipped/>
  </testcase> <!-- gGivesDashboardPage -->
  <testcase classname="com.GCash_GGivesScripts.GCASHScripts" name="gGivesDuesPage" time="0.0">
    <skipped/>
  </testcase> <!-- gGivesDuesPage -->
  <testcase classname="com.GCash_GGivesScripts.GCASHScripts" name="gGivesPaymentPage" time="0.0">
    <skipped/>
  </testcase> <!-- gGivesPaymentPage -->
  <testcase classname="com.GCash_GGivesScripts.GCASHScripts" name="gCashLogoutPage" time="0.0">
    <skipped/>
  </testcase> <!-- gCashLogoutPage -->
  <testcase classname="com.GCash_GGivesScripts.GCASHScripts" name="gSaveLoginPage" time="0.0">
    <skipped/>
  </testcase> <!-- gSaveLoginPage -->
  <testcase classname="com.GCash_GGivesScripts.GCASHScripts" name="gSaveTransactionPage" time="0.0">
    <skipped/>
  </testcase> <!-- gSaveTransactionPage -->
</testsuite> <!-- Default test -->
