<?xml version="1.0" encoding="UTF-8"?>
<testsuite xmlns:xsi="http://www.w3.org/2001/XMLSchema-instance" xsi:noNamespaceSchemaLocation="https://maven.apache.org/surefire/maven-surefire-plugin/xsd/surefire-test-report.xsd" name="TestSuite" time="954.955" tests="11" errors="0" skipped="0" failures="0">
  <properties>
[...]
</properties>
  <testcase name="Allowpopup" classname="com.GCash_GGivesScripts.GCASHScripts" time="52.004"/>
  <testcase name="Login" classname="com.GCash_GGivesScripts.GCASHScripts" time="163.202"/>
  <testcase name="gGivesHomePage" classname="com.GCash_GGivesScripts.GCASHScripts" time="58.959"/>
  <testcase name="gGivesViewPage" classname="com.GCash_GGivesScripts.GCASHScripts" time="15.53"/>
  <testcase name="gGivesDashboardPage" classname="com.GCash_GGivesScripts.GCASHScripts" time="128.63"/>
  <testcase name="gGivesDuesPage" classname="com.GCash_GGivesScripts.GCASHScripts" time="32.688"/>
  <testcase name="gGivesPaymentPage" classname="com.GCash_GGivesScripts.GCASHScripts" time="95.816"/>
  <testcase name="gCashLogoutPage" classname="com.GCash_GGivesScripts.GCASHScripts" time="68.435"/>
  <testcase name="gSaveLoginPage" classname="com.GCash_GGivesScripts.GCASHScripts" time="121.078"/>
  <testcase name="gSaveTransactionPage" classname="com.GCash_GGivesScripts.GCASHScripts" time="105.332"/>
  <testcase name="gSaveConfirmPage" classname="com.GCash_GGivesScripts.GCASHScripts" time="70.351"/>
</testsuite>