<?xml version="1.0" encoding="UTF-8"?>
<!-- Generated by org.testng.reporters.JUnitXMLReporter -->
<testsuite ignored="0" hostname="LAPTOP-7AIFL2R7" failures="0" tests="5" name="ML_Wallet" time="268.385" errors="0" timestamp="2022-09-01T15:31:56 IST">
  <testcase classname="com.MLWalletScripts.MLWalletScripts" name="Allowpopup" time="1.722"/>
  <testcase classname="com.MLWalletScripts.MLWalletScripts" name="Login" time="58.353"/>
  <testcase classname="com.MLWalletScripts.MLWalletScripts" name="sendMoney" time="17.281"/>
  <testcase classname="com.MLWalletScripts.MLWalletScripts" name="walletTowallet" time="115.29"/>
  <testcase classname="com.MLWalletScripts.MLWalletScripts" name="withdrawMoney" time="53.786"/>
</testsuite> <!-- ML_Wallet -->
