<?xml version="1.0" encoding="UTF-8"?>
<!-- Generated by org.testng.reporters.JUnitXMLReporter -->
<testsuite ignored="0" hostname="LAPTOP-7AIFL2R7" failures="0" tests="5" name="vootKids" time="300.955" errors="0" timestamp="2022-09-01T13:48:15 IST">
  <testcase classname="com.VootKidsScripts.VootKidsScripts" name="Allowpopup" time="3.517"/>
  <testcase classname="com.VootKidsScripts.VootKidsScripts" name="Login" time="59.167"/>
  <testcase classname="com.VootKidsScripts.VootKidsScripts" name="sendMoney" time="16.705"/>
  <testcase classname="com.VootKidsScripts.VootKidsScripts" name="walletTowallet" time="131.803"/>
  <testcase classname="com.VootKidsScripts.VootKidsScripts" name="withdrawMoney" time="66.204"/>
</testsuite> <!-- vootKids -->
